<?xml version="1.0" encoding="UTF-8"?>
<testsuite xmlns:xsi="http://www.w3.org/2001/XMLSchema-instance" xsi:noNamespaceSchemaLocation="https://maven.apache.org/surefire/maven-surefire-plugin/xsd/surefire-test-report-3.0.xsd" version="3.0" name="com.bookingsystem.BookingConcurrencyTest" time="27.649" tests="1" errors="0" skipped="0" failures="0">
  <properties>
[...]
</properties>
  <testcase name="concurrentBookings_neverExceedAvailableSeats" classname="com.bookingsystem.BookingConcurrencyTest" time="4.428">
    <system-out><![CDATA[16:09:34.492 [main] INFO org.springframework.test.context.support.AnnotationConfigContextLoaderUtils -- Could not detect default configuration classes for test class [com.bookingsystem.BookingConcurrencyTest]: BookingConcurrencyTest does not declare any static, non-private, non-final, nested classes annotated with @Configuration.
16:09:34.882 [main] INFO org.springframework.boot.test.context.SpringBootTestContextBootstrapper -- Found @SpringBootConfiguration com.bookingsystem.BookingSystemApplication for test class com.bookingsystem.BookingConcurrencyTest

  .   ____          _            __ _ _
 /\\ / ___'_ __ _ _(_)_ __  __ _ \ \ \ \
( ( )\___ | '_ | '_| | '_ \/ _` | \ \ \ \
 \\/  ___)| |_)| | | | | || (_| |  ) ) ) )
  '  |____| .__|_| |_|_| |_\__, | / / / /
 =========|_|==============|___/=/_/_/_/

 :: Spring Boot ::                (v3.3.4)

2026-06-26T16:09:37.207+05:30  INFO 22576 --- [concurrency-safe-booking-system] [           main] c.bookingsystem.BookingConcurrencyTest   : Starting BookingConcurrencyTest using Java 17.0.12 with PID 22576 (started by Anuj in C:\Users\Anuj\Projects\booking-system)
2026-06-26T16:09:37.210+05:30  INFO 22576 --- [concurrency-safe-booking-system] [           main] c.bookingsystem.BookingConcurrencyTest   : No active profile set, falling back to 1 default profile: "default"
2026-06-26T16:09:41.746+05:30  INFO 22576 --- [concurrency-safe-booking-system] [           main] .s.d.r.c.RepositoryConfigurationDelegate : Bootstrapping Spring Data JPA repositories in DEFAULT mode.
2026-06-26T16:09:42.058+05:30  INFO 22576 --- [concurrency-safe-booking-system] [           main] .s.d.r.c.RepositoryConfigurationDelegate : Finished Spring Data repository scanning in 268 ms. Found 3 JPA repository interfaces.
2026-06-26T16:09:44.740+05:30  INFO 22576 --- [concurrency-safe-booking-system] [           main] o.hibernate.jpa.internal.util.LogHelper  : HHH000204: Processing PersistenceUnitInfo [name: default]
2026-06-26T16:09:45.250+05:30  INFO 22576 --- [concurrency-safe-booking-system] [           main] org.hibernate.Version                    : HHH000412: Hibernate ORM core version 6.5.3.Final
2026-06-26T16:09:45.459+05:30  INFO 22576 --- [concurrency-safe-booking-system] [           main] o.h.c.internal.RegionFactoryInitiator    : HHH000026: Second-level cache disabled
2026-06-26T16:09:46.909+05:30  INFO 22576 --- [concurrency-safe-booking-system] [           main] o.s.o.j.p.SpringPersistenceUnitInfo      : No LoadTimeWeaver setup: ignoring JPA class transformer
2026-06-26T16:09:47.048+05:30  INFO 22576 --- [concurrency-safe-booking-system] [           main] com.zaxxer.hikari.HikariDataSource       : HikariPool-1 - Starting...
2026-06-26T16:09:47.646+05:30  INFO 22576 --- [concurrency-safe-booking-system] [           main] com.zaxxer.hikari.pool.HikariPool        : HikariPool-1 - Added connection conn0: url=jdbc:h2:mem:bookingdb user=SA
2026-06-26T16:09:47.649+05:30  INFO 22576 --- [concurrency-safe-booking-system] [           main] com.zaxxer.hikari.HikariDataSource       : HikariPool-1 - Start completed.
2026-06-26T16:09:47.716+05:30  WARN 22576 --- [concurrency-safe-booking-system] [           main] org.hibernate.orm.deprecation            : HHH90000025: H2Dialect does not need to be specified explicitly using 'hibernate.dialect' (remove the property setting and it will be selected by default)
2026-06-26T16:09:49.691+05:30  INFO 22576 --- [concurrency-safe-booking-system] [           main] o.h.e.t.j.p.i.JtaPlatformInitiator       : HHH000489: No JTA platform available (set 'hibernate.transaction.jta.platform' to enable JTA platform integration)
2026-06-26T16:09:49.824+05:30  INFO 22576 --- [concurrency-safe-booking-system] [           main] j.LocalContainerEntityManagerFactoryBean : Initialized JPA EntityManagerFactory for persistence unit 'default'
2026-06-26T16:09:54.135+05:30  WARN 22576 --- [concurrency-safe-booking-system] [           main] JpaBaseConfiguration$JpaWebConfiguration : spring.jpa.open-in-view is enabled by default. Therefore, database queries may be performed during view rendering. Explicitly configure spring.jpa.open-in-view to disable this warning
2026-06-26T16:09:56.556+05:30  INFO 22576 --- [concurrency-safe-booking-system] [           main] o.s.b.a.h2.H2ConsoleAutoConfiguration    : H2 console available at '/h2-console'. Database available at 'jdbc:h2:mem:bookingdb'
2026-06-26T16:09:56.932+05:30  INFO 22576 --- [concurrency-safe-booking-system] [           main] c.bookingsystem.BookingConcurrencyTest   : Started BookingConcurrencyTest in 21.087 seconds (process running for 25.133)
2026-06-26T16:10:00.060+05:30  INFO 22576 --- [concurrency-safe-booking-system] [ool-3-thread-18] c.bookingsystem.service.BookingService   : Optimistic lock conflict on event 1 (attempt 0), retrying...
2026-06-26T16:10:00.060+05:30  INFO 22576 --- [concurrency-safe-booking-system] [ool-3-thread-20] c.bookingsystem.service.BookingService   : Optimistic lock conflict on event 1 (attempt 0), retrying...
2026-06-26T16:10:00.070+05:30  INFO 22576 --- [concurrency-safe-booking-system] [ool-3-thread-19] c.bookingsystem.service.BookingService   : Optimistic lock conflict on event 1 (attempt 0), retrying...
2026-06-26T16:10:00.062+05:30  INFO 22576 --- [concurrency-safe-booking-system] [ool-3-thread-16] c.bookingsystem.service.BookingService   : Optimistic lock conflict on event 1 (attempt 0), retrying...
2026-06-26T16:10:00.064+05:30  INFO 22576 --- [concurrency-safe-booking-system] [pool-3-thread-3] c.bookingsystem.service.BookingService   : Optimistic lock conflict on event 1 (attempt 0), retrying...
2026-06-26T16:10:00.064+05:30  INFO 22576 --- [concurrency-safe-booking-system] [pool-3-thread-8] c.bookingsystem.service.BookingService   : Optimistic lock conflict on event 1 (attempt 0), retrying...
2026-06-26T16:10:00.068+05:30  INFO 22576 --- [concurrency-safe-booking-system] [ool-3-thread-12] c.bookingsystem.service.BookingService   : Optimistic lock conflict on event 1 (attempt 0), retrying...
2026-06-26T16:10:00.076+05:30  INFO 22576 --- [concurrency-safe-booking-system] [ool-3-thread-17] c.bookingsystem.service.BookingService   : Optimistic lock conflict on event 1 (attempt 0), retrying...
2026-06-26T16:10:00.074+05:30  INFO 22576 --- [concurrency-safe-booking-system] [pool-3-thread-6] c.bookingsystem.service.BookingService   : Optimistic lock conflict on event 1 (attempt 0), retrying...
2026-06-26T16:10:00.076+05:30  INFO 22576 --- [concurrency-safe-booking-system] [pool-3-thread-2] c.bookingsystem.service.BookingService   : Optimistic lock conflict on event 1 (attempt 0), retrying...
2026-06-26T16:10:00.085+05:30  INFO 22576 --- [concurrency-safe-booking-system] [pool-3-thread-1] c.bookingsystem.service.BookingService   : Optimistic lock conflict on event 1 (attempt 0), retrying...
2026-06-26T16:10:00.074+05:30  INFO 22576 --- [concurrency-safe-booking-system] [pool-3-thread-7] c.bookingsystem.service.BookingService   : Optimistic lock conflict on event 1 (attempt 0), retrying...
2026-06-26T16:10:00.085+05:30  INFO 22576 --- [concurrency-safe-booking-system] [pool-3-thread-4] c.bookingsystem.service.BookingService   : Optimistic lock conflict on event 1 (attempt 0), retrying...
2026-06-26T16:10:00.088+05:30  INFO 22576 --- [concurrency-safe-booking-system] [ool-3-thread-10] c.bookingsystem.service.BookingService   : Optimistic lock conflict on event 1 (attempt 0), retrying...
2026-06-26T16:10:00.091+05:30  INFO 22576 --- [concurrency-safe-booking-system] [ool-3-thread-14] c.bookingsystem.service.BookingService   : Optimistic lock conflict on event 1 (attempt 0), retrying...
2026-06-26T16:10:00.094+05:30  INFO 22576 --- [concurrency-safe-booking-system] [pool-3-thread-5] c.bookingsystem.service.BookingService   : Optimistic lock conflict on event 1 (attempt 0), retrying...
2026-06-26T16:10:00.096+05:30  INFO 22576 --- [concurrency-safe-booking-system] [ool-3-thread-13] c.bookingsystem.service.BookingService   : Optimistic lock conflict on event 1 (attempt 0), retrying...
2026-06-26T16:10:00.101+05:30  INFO 22576 --- [concurrency-safe-booking-system] [pool-3-thread-9] c.bookingsystem.service.BookingService   : Optimistic lock conflict on event 1 (attempt 0), retrying...
2026-06-26T16:10:00.151+05:30  INFO 22576 --- [concurrency-safe-booking-system] [ool-3-thread-16] c.bookingsystem.service.BookingService   : Optimistic lock conflict on event 1 (attempt 1), retrying...
2026-06-26T16:10:00.160+05:30  INFO 22576 --- [concurrency-safe-booking-system] [pool-3-thread-8] c.bookingsystem.service.BookingService   : Optimistic lock conflict on event 1 (attempt 1), retrying...
2026-06-26T16:10:00.156+05:30  INFO 22576 --- [concurrency-safe-booking-system] [pool-3-thread-6] c.bookingsystem.service.BookingService   : Optimistic lock conflict on event 1 (attempt 1), retrying...
2026-06-26T16:10:00.173+05:30  INFO 22576 --- [concurrency-safe-booking-system] [pool-3-thread-1] c.bookingsystem.service.BookingService   : Optimistic lock conflict on event 1 (attempt 1), retrying...
2026-06-26T16:10:00.177+05:30  INFO 22576 --- [concurrency-safe-booking-system] [ool-3-thread-17] c.bookingsystem.service.BookingService   : Optimistic lock conflict on event 1 (attempt 1), retrying...
2026-06-26T16:10:00.168+05:30  INFO 22576 --- [concurrency-safe-booking-system] [ool-3-thread-20] c.bookingsystem.service.BookingService   : Optimistic lock conflict on event 1 (attempt 1), retrying...
2026-06-26T16:10:00.184+05:30  INFO 22576 --- [concurrency-safe-booking-system] [ool-3-thread-18] c.bookingsystem.service.BookingService   : Optimistic lock conflict on event 1 (attempt 1), retrying...
2026-06-26T16:10:00.202+05:30  INFO 22576 --- [concurrency-safe-booking-system] [pool-3-thread-2] c.bookingsystem.service.BookingService   : Optimistic lock conflict on event 1 (attempt 1), retrying...
2026-06-26T16:10:00.188+05:30  INFO 22576 --- [concurrency-safe-booking-system] [ool-3-thread-19] c.bookingsystem.service.BookingService   : Optimistic lock conflict on event 1 (attempt 1), retrying...
2026-06-26T16:10:00.188+05:30  INFO 22576 --- [concurrency-safe-booking-system] [pool-3-thread-7] c.bookingsystem.service.BookingService   : Optimistic lock conflict on event 1 (attempt 1), retrying...
2026-06-26T16:10:00.214+05:30  INFO 22576 --- [concurrency-safe-booking-system] [pool-3-thread-9] c.bookingsystem.service.BookingService   : Optimistic lock conflict on event 1 (attempt 1), retrying...
2026-06-26T16:10:00.214+05:30  INFO 22576 --- [concurrency-safe-booking-system] [ool-3-thread-12] c.bookingsystem.service.BookingService   : Optimistic lock conflict on event 1 (attempt 1), retrying...
2026-06-26T16:10:00.235+05:30  INFO 22576 --- [concurrency-safe-booking-system] [ool-3-thread-14] c.bookingsystem.service.BookingService   : Optimistic lock conflict on event 1 (attempt 1), retrying...
2026-06-26T16:10:00.223+05:30  INFO 22576 --- [concurrency-safe-booking-system] [pool-3-thread-4] c.bookingsystem.service.BookingService   : Optimistic lock conflict on event 1 (attempt 1), retrying...
2026-06-26T16:10:00.244+05:30  INFO 22576 --- [concurrency-safe-booking-system] [ool-3-thread-10] c.bookingsystem.service.BookingService   : Optimistic lock conflict on event 1 (attempt 1), retrying...
2026-06-26T16:10:00.301+05:30  INFO 22576 --- [concurrency-safe-booking-system] [ool-3-thread-13] c.bookingsystem.service.BookingService   : Optimistic lock conflict on event 1 (attempt 1), retrying...
2026-06-26T16:10:00.399+05:30  INFO 22576 --- [concurrency-safe-booking-system] [pool-3-thread-8] c.bookingsystem.service.BookingService   : Optimistic lock conflict on event 1 (attempt 2), retrying...
2026-06-26T16:10:00.414+05:30  INFO 22576 --- [concurrency-safe-booking-system] [pool-3-thread-6] c.bookingsystem.service.BookingService   : Optimistic lock conflict on event 1 (attempt 2), retrying...
2026-06-26T16:10:00.416+05:30  INFO 22576 --- [concurrency-safe-booking-system] [pool-3-thread-4] c.bookingsystem.service.BookingService   : Optimistic lock conflict on event 1 (attempt 2), retrying...
2026-06-26T16:10:00.403+05:30  INFO 22576 --- [concurrency-safe-booking-system] [pool-3-thread-1] c.bookingsystem.service.BookingService   : Optimistic lock conflict on event 1 (attempt 2), retrying...
2026-06-26T16:10:00.419+05:30  INFO 22576 --- [concurrency-safe-booking-system] [ool-3-thread-17] c.bookingsystem.service.BookingService   : Optimistic lock conflict on event 1 (attempt 2), retrying...
2026-06-26T16:10:00.408+05:30  INFO 22576 --- [concurrency-safe-booking-system] [ool-3-thread-12] c.bookingsystem.service.BookingService   : Optimistic lock conflict on event 1 (attempt 2), retrying...
2026-06-26T16:10:00.432+05:30  INFO 22576 --- [concurrency-safe-booking-system] [ool-3-thread-18] c.bookingsystem.service.BookingService   : Optimistic lock conflict on event 1 (attempt 2), retrying...
2026-06-26T16:10:00.435+05:30  INFO 22576 --- [concurrency-safe-booking-system] [ool-3-thread-19] c.bookingsystem.service.BookingService   : Optimistic lock conflict on event 1 (attempt 2), retrying...
2026-06-26T16:10:00.461+05:30  INFO 22576 --- [concurrency-safe-booking-system] [ool-3-thread-14] c.bookingsystem.service.BookingService   : Optimistic lock conflict on event 1 (attempt 2), retrying...
2026-06-26T16:10:00.481+05:30  INFO 22576 --- [concurrency-safe-booking-system] [ool-3-thread-20] c.bookingsystem.service.BookingService   : Optimistic lock conflict on event 1 (attempt 2), retrying...
2026-06-26T16:10:00.473+05:30  INFO 22576 --- [concurrency-safe-booking-system] [pool-3-thread-9] c.bookingsystem.service.BookingService   : Optimistic lock conflict on event 1 (attempt 2), retrying...
2026-06-26T16:10:00.468+05:30  INFO 22576 --- [concurrency-safe-booking-system] [pool-3-thread-2] c.bookingsystem.service.BookingService   : Optimistic lock conflict on event 1 (attempt 2), retrying...
2026-06-26T16:10:00.473+05:30  INFO 22576 --- [concurrency-safe-booking-system] [ool-3-thread-10] c.bookingsystem.service.BookingService   : Optimistic lock conflict on event 1 (attempt 2), retrying...
2026-06-26T16:10:00.485+05:30  INFO 22576 --- [concurrency-safe-booking-system] [pool-3-thread-7] c.bookingsystem.service.BookingService   : Optimistic lock conflict on event 1 (attempt 2), retrying...
================================================
CONCURRENCY TEST RESULTS
================================================
Total seats available at start:      5
Concurrent booking attempts fired:   20
------------------------------------------------
Confirmed bookings (expected = 5):   5
Failed bookings    (expected = 15):  15
Final availableSeats (expected = 0): 0
------------------------------------------------
WITHOUT optimistic locking, this exact scenario would
typically produce MORE than 5 confirmed bookings and/or
a negative availableSeats value, because multiple threads
could read the same stale seat count before any of them
committed their write. See BookingService.java for the
full explanation of the naive/broken version.
================================================
]]></system-out>
  </testcase>
</testsuite>